<?xml version="1.0" encoding="UTF-8"?>
<!-- Generated by org.testng.reporters.JUnitReportReporter -->
<testsuite hostname="LAPTOP-K3PDE0ER" failures="0" tests="1" name="SSquareIT.SeleniumFramework.E2ETest" time="11.872" errors="0" timestamp="2024-07-04T08:17:02 IST" skipped="0">
  <testcase classname="SSquareIT.SeleniumFramework.E2ETest" name="endToEndTest" time="11.872"/>
  <system-out/>
</testsuite> <!-- SSquareIT.SeleniumFramework.E2ETest -->
