<?xml version="1.0" encoding="UTF-8"?>
<!-- Generated by org.testng.reporters.JUnitReportReporter -->
<testsuite hostname="LAPTOP-K3PDE0ER" failures="0" tests="1" name="cucumber.TestNGTestRunner" time="12.645" errors="0" timestamp="2024-07-10T07:48:57 IST" skipped="0">
  <testcase classname="cucumber.TestNGTestRunner" name="runScenario" time="12.645"/>
  <system-out/>
</testsuite> <!-- cucumber.TestNGTestRunner -->
