<?xml version="1.0" encoding="UTF-8"?>
<!-- Generated by org.testng.reporters.JUnitReportReporter -->
<testsuite hostname="LAPTOP-K3PDE0ER" failures="0" tests="2" name="SSquareIT.SeleniumFramework.E2ETest2" time="25.716" errors="0" timestamp="2024-07-10T08:01:41 IST" skipped="0">
  <testcase classname="SSquareIT.SeleniumFramework.E2ETest2" name="endToEndTest" time="13.074"/>
  <system-out/>
  <testcase classname="SSquareIT.SeleniumFramework.E2ETest2" name="endToEndTest" time="12.642"/>
  <system-out/>
</testsuite> <!-- SSquareIT.SeleniumFramework.E2ETest2 -->
