<?xml version="1.0" encoding="UTF-8"?>
<!-- Generated by org.testng.reporters.JUnitReportReporter -->
<testsuite hostname="LAPTOP-K3PDE0ER" failures="0" tests="2" name="SSquareIT.SeleniumFramework.E2ETest2" time="26.352" errors="0" timestamp="2024-07-10T07:55:29 IST" skipped="0">
  <testcase classname="SSquareIT.SeleniumFramework.E2ETest2" name="endToEndTest" time="13.884"/>
  <system-out/>
  <testcase classname="SSquareIT.SeleniumFramework.E2ETest2" name="endToEndTest" time="12.468"/>
  <system-out/>
</testsuite> <!-- SSquareIT.SeleniumFramework.E2ETest2 -->
